<?xml version="1.0" encoding="UTF-8"?>
<!-- Generated by org.testng.reporters.JUnitXMLReporter -->
<testsuite hostname="EPUAVINW0324" ignored="0" name="Surefire test" tests="2" failures="0" timestamp="05 Apr 2019 14:58:59 GMT" time="60.79" errors="0">
  <testcase name="runScenario" time="35.404" classname="cucumber.api.testng.AbstractTestNGCucumberTests"/>
  <testcase name="runScenario" time="25.104" classname="cucumber.api.testng.AbstractTestNGCucumberTests"/>
</testsuite> <!-- Surefire test -->
