<?xml version="1.0" encoding="UTF-8"?>
<!-- Generated by org.testng.reporters.JUnitXMLReporter -->
<testsuite hostname="EPUAVINW0324" ignored="0" name="Surefire test" tests="2" failures="0" timestamp="04 Apr 2019 09:11:12 GMT" time="50.624" errors="0">
  <testcase name="runScenario" time="26.742" classname="cucumber.api.testng.AbstractTestNGCucumberTests"/>
  <testcase name="runScenario" time="23.664" classname="cucumber.api.testng.AbstractTestNGCucumberTests"/>
</testsuite> <!-- Surefire test -->
