<?xml version="1.0" encoding="UTF-8"?>
<testng-results skipped="0" failed="0" ignored="0" total="2" passed="2">
  <reporter-output>
  </reporter-output>
  <suite name="Surefire suite" duration-ms="52290" started-at="2019-04-05T10:28:00Z" finished-at="2019-04-05T10:28:52Z">
    <groups>
      <group name="cucumber">
        <method signature="AbstractTestNGCucumberTests.runScenario(cucumber.api.testng.PickleEventWrapper, cucumber.api.testng.CucumberFeatureWrapper)[pri:0, instance:runners.TestRunner@2344fc66]" name="runScenario" class="cucumber.api.testng.AbstractTestNGCucumberTests"/>
      </group> <!-- cucumber -->
    </groups>
    <test name="Surefire test" duration-ms="52290" started-at="2019-04-05T10:28:00Z" finished-at="2019-04-05T10:28:52Z">
      <class name="runners.TestRunner">
        <test-method status="PASS" signature="setUpClass()[pri:0, instance:runners.TestRunner@2344fc66]" name="setUpClass" is-config="true" duration-ms="169" started-at="2019-04-05T10:28:00Z" finished-at="2019-04-05T10:28:00Z">
          <reporter-output>
          </reporter-output>
        </test-method> <!-- setUpClass -->
        <test-method status="PASS" signature="runScenario(cucumber.api.testng.PickleEventWrapper, cucumber.api.testng.CucumberFeatureWrapper)[pri:0, instance:runners.TestRunner@2344fc66]" name="runScenario" duration-ms="26101" started-at="2019-04-05T10:28:00Z" description="Runs Cucumber Scenarios" data-provider="scenarios" finished-at="2019-04-05T10:28:26Z">
          <params>
            <param index="0">
              <value>
                <![CDATA["Successful sign in"]]>
              </value>
            </param>
            <param index="1">
              <value>
                <![CDATA["Sign in into the system"]]>
              </value>
            </param>
          </params>
          <reporter-output>
          </reporter-output>
        </test-method> <!-- runScenario -->
        <test-method status="PASS" signature="runScenario(cucumber.api.testng.PickleEventWrapper, cucumber.api.testng.CucumberFeatureWrapper)[pri:0, instance:runners.TestRunner@2344fc66]" name="runScenario" duration-ms="25952" started-at="2019-04-05T10:28:26Z" description="Runs Cucumber Scenarios" data-provider="scenarios" finished-at="2019-04-05T10:28:52Z">
          <params>
            <param index="0">
              <value>
                <![CDATA["Email already exists in the system"]]>
              </value>
            </param>
            <param index="1">
              <value>
                <![CDATA["Sign in into the system"]]>
              </value>
            </param>
          </params>
          <reporter-output>
          </reporter-output>
        </test-method> <!-- runScenario -->
        <test-method status="PASS" signature="tearDownClass()[pri:0, instance:runners.TestRunner@2344fc66]" name="tearDownClass" is-config="true" duration-ms="5" started-at="2019-04-05T10:28:52Z" finished-at="2019-04-05T10:28:52Z">
          <reporter-output>
          </reporter-output>
        </test-method> <!-- tearDownClass -->
      </class> <!-- runners.TestRunner -->
    </test> <!-- Surefire test -->
  </suite> <!-- Surefire suite -->
</testng-results>
